<?xml version="1.0" encoding="UTF-8"?>
<!-- Generated by org.testng.reporters.JUnitReportReporter -->
<testsuite skipped="0" hostname="DESKTOP-N1OC483" name="testNGpackage.TestNg1" tests="1" failures="0" timestamp="24 Jan 2018 01:59:59 GMT" time="0.009" errors="0">
  <testcase name="display" time="0.009" classname="testNGpackage.TestNg1"/>
</testsuite> <!-- testNGpackage.TestNg1 -->
